TN:
SF:src/modules/employee/services/CreateEmployeeService.ts
FN:6,CreateEmployeeService
FN:8,Object.<anonymous>.CreateEmployeeService.execute
FNF:2
FNH:2
FNDA:2,CreateEmployeeService
FNDA:3,Object.<anonymous>.CreateEmployeeService.execute
DA:1,1
DA:2,1
DA:3,1
DA:4,1
DA:5,1
DA:6,1
DA:7,1
DA:8,1
DA:9,3
DA:10,3
DA:11,3
DA:12,3
DA:13,3
DA:14,3
DA:15,3
DA:16,3
DA:17,3
DA:18,3
DA:19,2
DA:20,2
DA:21,2
DA:22,2
DA:23,2
DA:24,2
DA:25,2
DA:26,3
DA:27,3
DA:28,3
DA:29,1
LF:29
LH:29
BRDA:5,0,0,1
BRDA:6,1,0,2
BRDA:8,2,0,3
BRDA:14,3,0,3
BRDA:18,4,0,1
BRDA:19,5,0,2
BRF:6
BRH:6
end_of_record
